CRITICAL - 2023-10-30 06:07:48 --> Undefined variable $resultadoniveles
in APPPATH\Views\vista_pacientes.php on line 98.
 1 APPPATH\Views\vista_pacientes.php(98): CodeIgniter\Debug\Exceptions->errorHandler(2, 'Undefined variable $resultadoniveles', 'Z:\\XAMPP3\\htdocs\\hospital\\app\\Views\\vista_pacientes.php', 98)
 2 SYSTEMPATH\View\View.php(224): include('Z:\\XAMPP3\\htdocs\\hospital\\app\\Views\\vista_pacientes.php')
 3 SYSTEMPATH\View\View.php(227): CodeIgniter\View\View->CodeIgniter\View\{closure}()
 4 SYSTEMPATH\Common.php(1180): CodeIgniter\View\View->render('vista_pacientes', [], true)
 5 APPPATH\Controllers\ControllerPacientes.php(12): view('vista_pacientes', [...])
 6 SYSTEMPATH\CodeIgniter.php(932): App\Controllers\ControllerPacientes->cargarPacientes()
 7 SYSTEMPATH\CodeIgniter.php(497): CodeIgniter\CodeIgniter->runController(Object(App\Controllers\ControllerPacientes))
 8 SYSTEMPATH\CodeIgniter.php(366): CodeIgniter\CodeIgniter->handleRequest(null, Object(Config\Cache), false)
 9 FCPATH\index.php(67): CodeIgniter\CodeIgniter->run()
CRITICAL - 2023-10-30 06:14:28 --> Undefined variable $resultadoCiudadano
in APPPATH\Views\vista_pacientes.php on line 48.
 1 APPPATH\Views\vista_pacientes.php(48): CodeIgniter\Debug\Exceptions->errorHandler(2, 'Undefined variable $resultadoCiudadano', 'Z:\\XAMPP3\\htdocs\\hospital\\app\\Views\\vista_pacientes.php', 48)
 2 SYSTEMPATH\View\View.php(224): include('Z:\\XAMPP3\\htdocs\\hospital\\app\\Views\\vista_pacientes.php')
 3 SYSTEMPATH\View\View.php(227): CodeIgniter\View\View->CodeIgniter\View\{closure}()
 4 SYSTEMPATH\Common.php(1180): CodeIgniter\View\View->render('vista_pacientes', [], true)
 5 APPPATH\Controllers\ControllerPacientes.php(12): view('vista_pacientes', [...])
 6 SYSTEMPATH\CodeIgniter.php(932): App\Controllers\ControllerPacientes->cargarPacientes()
 7 SYSTEMPATH\CodeIgniter.php(497): CodeIgniter\CodeIgniter->runController(Object(App\Controllers\ControllerPacientes))
 8 SYSTEMPATH\CodeIgniter.php(366): CodeIgniter\CodeIgniter->handleRequest(null, Object(Config\Cache), false)
 9 FCPATH\index.php(67): CodeIgniter\CodeIgniter->run()
CRITICAL - 2023-10-30 06:15:20 --> Undefined variable $resultado
in APPPATH\Views\vista_pacientes.php on line 45.
 1 APPPATH\Views\vista_pacientes.php(45): CodeIgniter\Debug\Exceptions->errorHandler(2, 'Undefined variable $resultado', 'Z:\\XAMPP3\\htdocs\\hospital\\app\\Views\\vista_pacientes.php', 45)
 2 SYSTEMPATH\View\View.php(224): include('Z:\\XAMPP3\\htdocs\\hospital\\app\\Views\\vista_pacientes.php')
 3 SYSTEMPATH\View\View.php(227): CodeIgniter\View\View->CodeIgniter\View\{closure}()
 4 SYSTEMPATH\Common.php(1180): CodeIgniter\View\View->render('vista_pacientes', [], true)
 5 APPPATH\Controllers\ControllerPacientes.php(12): view('vista_pacientes', [...])
 6 SYSTEMPATH\CodeIgniter.php(932): App\Controllers\ControllerPacientes->cargarPacientes()
 7 SYSTEMPATH\CodeIgniter.php(497): CodeIgniter\CodeIgniter->runController(Object(App\Controllers\ControllerPacientes))
 8 SYSTEMPATH\CodeIgniter.php(366): CodeIgniter\CodeIgniter->handleRequest(null, Object(Config\Cache), false)
 9 FCPATH\index.php(67): CodeIgniter\CodeIgniter->run()
ERROR - 2023-10-30 06:56:56 --> mysqli_sql_exception: Table 'hospital.vciudadanos' doesn't exist in Z:\XAMPP3\htdocs\hospital\system\Database\MySQLi\Connection.php:295
Stack trace:
#0 Z:\XAMPP3\htdocs\hospital\system\Database\MySQLi\Connection.php(295): mysqli->query('SELECT *\nFROM `...', 0)
#1 Z:\XAMPP3\htdocs\hospital\system\Database\BaseConnection.php(692): CodeIgniter\Database\MySQLi\Connection->execute('SELECT *\nFROM `...')
#2 Z:\XAMPP3\htdocs\hospital\system\Database\BaseConnection.php(606): CodeIgniter\Database\BaseConnection->simpleQuery('SELECT *\nFROM `...')
#3 Z:\XAMPP3\htdocs\hospital\system\Database\BaseBuilder.php(1616): CodeIgniter\Database\BaseConnection->query('SELECT *\nFROM `...', Array, false)
#4 Z:\XAMPP3\htdocs\hospital\system\Model.php(241): CodeIgniter\Database\BaseBuilder->get()
#5 Z:\XAMPP3\htdocs\hospital\system\BaseModel.php(618): CodeIgniter\Model->doFindAll(0, 0)
#6 Z:\XAMPP3\htdocs\hospital\app\Controllers\ControllerCiudadano.php(19): CodeIgniter\BaseModel->findAll()
#7 Z:\XAMPP3\htdocs\hospital\system\CodeIgniter.php(932): App\Controllers\ControllerCiudadano->cargarCiudadanos()
#8 Z:\XAMPP3\htdocs\hospital\system\CodeIgniter.php(497): CodeIgniter\CodeIgniter->runController(Object(App\Controllers\ControllerCiudadano))
#9 Z:\XAMPP3\htdocs\hospital\system\CodeIgniter.php(366): CodeIgniter\CodeIgniter->handleRequest(NULL, Object(Config\Cache), false)
#10 Z:\XAMPP3\htdocs\hospital\public\index.php(67): CodeIgniter\CodeIgniter->run()
#11 {main}
CRITICAL - 2023-10-30 06:56:56 --> Table 'hospital.vciudadanos' doesn't exist
in SYSTEMPATH\Database\MySQLi\Connection.php on line 295.
 1 SYSTEMPATH\Database\MySQLi\Connection.php(295): mysqli->query('SELECT *
FROM `vciudadanos`', 0)
 2 SYSTEMPATH\Database\BaseConnection.php(692): CodeIgniter\Database\MySQLi\Connection->execute('SELECT *
FROM `vciudadanos`')
 3 SYSTEMPATH\Database\BaseConnection.php(606): CodeIgniter\Database\BaseConnection->simpleQuery('SELECT *
FROM `vciudadanos`')
 4 SYSTEMPATH\Database\BaseBuilder.php(1616): CodeIgniter\Database\BaseConnection->query('SELECT *
FROM `vciudadanos`', [], false)
 5 SYSTEMPATH\Model.php(241): CodeIgniter\Database\BaseBuilder->get()
 6 SYSTEMPATH\BaseModel.php(618): CodeIgniter\Model->doFindAll(0, 0)
 7 APPPATH\Controllers\ControllerCiudadano.php(19): CodeIgniter\BaseModel->findAll()
 8 SYSTEMPATH\CodeIgniter.php(932): App\Controllers\ControllerCiudadano->cargarCiudadanos()
 9 SYSTEMPATH\CodeIgniter.php(497): CodeIgniter\CodeIgniter->runController(Object(App\Controllers\ControllerCiudadano))
10 SYSTEMPATH\CodeIgniter.php(366): CodeIgniter\CodeIgniter->handleRequest(null, Object(Config\Cache), false)
11 FCPATH\index.php(67): CodeIgniter\CodeIgniter->run()
CRITICAL - 2023-10-30 07:26:17 --> Undefined variable $resultadoPaciente
in APPPATH\Views\frm_actualizar_paciente.php on line 28.
 1 APPPATH\Views\frm_actualizar_paciente.php(28): CodeIgniter\Debug\Exceptions->errorHandler(2, 'Undefined variable $resultadoPaciente', 'Z:\\XAMPP3\\htdocs\\hospital\\app\\Views\\frm_actualizar_paciente.php', 28)
 2 SYSTEMPATH\View\View.php(224): include('Z:\\XAMPP3\\htdocs\\hospital\\app\\Views\\frm_actualizar_paciente.php')
 3 SYSTEMPATH\View\View.php(227): CodeIgniter\View\View->CodeIgniter\View\{closure}()
 4 SYSTEMPATH\Common.php(1180): CodeIgniter\View\View->render('frm_actualizar_paciente', [], true)
 5 APPPATH\Controllers\ControllerPacientes.php(44): view('frm_actualizar_paciente', [...])
 6 SYSTEMPATH\CodeIgniter.php(932): App\Controllers\ControllerPacientes->localizarPaciente('2')
 7 SYSTEMPATH\CodeIgniter.php(497): CodeIgniter\CodeIgniter->runController(Object(App\Controllers\ControllerPacientes))
 8 SYSTEMPATH\CodeIgniter.php(366): CodeIgniter\CodeIgniter->handleRequest(null, Object(Config\Cache), false)
 9 FCPATH\index.php(67): CodeIgniter\CodeIgniter->run()
CRITICAL - 2023-10-30 07:28:31 --> Undefined variable $resultadoPaciente
in APPPATH\Views\frm_actualizar_paciente.php on line 28.
 1 APPPATH\Views\frm_actualizar_paciente.php(28): CodeIgniter\Debug\Exceptions->errorHandler(2, 'Undefined variable $resultadoPaciente', 'Z:\\XAMPP3\\htdocs\\hospital\\app\\Views\\frm_actualizar_paciente.php', 28)
 2 SYSTEMPATH\View\View.php(224): include('Z:\\XAMPP3\\htdocs\\hospital\\app\\Views\\frm_actualizar_paciente.php')
 3 SYSTEMPATH\View\View.php(227): CodeIgniter\View\View->CodeIgniter\View\{closure}()
 4 SYSTEMPATH\Common.php(1180): CodeIgniter\View\View->render('frm_actualizar_paciente', [], true)
 5 APPPATH\Controllers\ControllerPacientes.php(44): view('frm_actualizar_paciente', [...])
 6 SYSTEMPATH\CodeIgniter.php(932): App\Controllers\ControllerPacientes->localizarPaciente('2')
 7 SYSTEMPATH\CodeIgniter.php(497): CodeIgniter\CodeIgniter->runController(Object(App\Controllers\ControllerPacientes))
 8 SYSTEMPATH\CodeIgniter.php(366): CodeIgniter\CodeIgniter->handleRequest(null, Object(Config\Cache), false)
 9 FCPATH\index.php(67): CodeIgniter\CodeIgniter->run()
CRITICAL - 2023-10-30 07:29:05 --> Undefined variable $resultadoPaciente
in APPPATH\Views\frm_actualizar_paciente.php on line 28.
 1 APPPATH\Views\frm_actualizar_paciente.php(28): CodeIgniter\Debug\Exceptions->errorHandler(2, 'Undefined variable $resultadoPaciente', 'Z:\\XAMPP3\\htdocs\\hospital\\app\\Views\\frm_actualizar_paciente.php', 28)
 2 SYSTEMPATH\View\View.php(224): include('Z:\\XAMPP3\\htdocs\\hospital\\app\\Views\\frm_actualizar_paciente.php')
 3 SYSTEMPATH\View\View.php(227): CodeIgniter\View\View->CodeIgniter\View\{closure}()
 4 SYSTEMPATH\Common.php(1180): CodeIgniter\View\View->render('frm_actualizar_paciente', [], true)
 5 APPPATH\Controllers\ControllerPacientes.php(44): view('frm_actualizar_paciente', [...])
 6 SYSTEMPATH\CodeIgniter.php(932): App\Controllers\ControllerPacientes->localizarPaciente('2')
 7 SYSTEMPATH\CodeIgniter.php(497): CodeIgniter\CodeIgniter->runController(Object(App\Controllers\ControllerPacientes))
 8 SYSTEMPATH\CodeIgniter.php(366): CodeIgniter\CodeIgniter->handleRequest(null, Object(Config\Cache), false)
 9 FCPATH\index.php(67): CodeIgniter\CodeIgniter->run()
CRITICAL - 2023-10-30 07:29:10 --> Undefined variable $resultadoPaciente
in APPPATH\Views\frm_actualizar_paciente.php on line 28.
 1 APPPATH\Views\frm_actualizar_paciente.php(28): CodeIgniter\Debug\Exceptions->errorHandler(2, 'Undefined variable $resultadoPaciente', 'Z:\\XAMPP3\\htdocs\\hospital\\app\\Views\\frm_actualizar_paciente.php', 28)
 2 SYSTEMPATH\View\View.php(224): include('Z:\\XAMPP3\\htdocs\\hospital\\app\\Views\\frm_actualizar_paciente.php')
 3 SYSTEMPATH\View\View.php(227): CodeIgniter\View\View->CodeIgniter\View\{closure}()
 4 SYSTEMPATH\Common.php(1180): CodeIgniter\View\View->render('frm_actualizar_paciente', [], true)
 5 APPPATH\Controllers\ControllerPacientes.php(44): view('frm_actualizar_paciente', [...])
 6 SYSTEMPATH\CodeIgniter.php(932): App\Controllers\ControllerPacientes->localizarPaciente('2')
 7 SYSTEMPATH\CodeIgniter.php(497): CodeIgniter\CodeIgniter->runController(Object(App\Controllers\ControllerPacientes))
 8 SYSTEMPATH\CodeIgniter.php(366): CodeIgniter\CodeIgniter->handleRequest(null, Object(Config\Cache), false)
 9 FCPATH\index.php(67): CodeIgniter\CodeIgniter->run()
CRITICAL - 2023-10-30 07:29:48 --> Undefined variable $resultadoPaciente
in APPPATH\Views\frm_actualizar_paciente.php on line 28.
 1 APPPATH\Views\frm_actualizar_paciente.php(28): CodeIgniter\Debug\Exceptions->errorHandler(2, 'Undefined variable $resultadoPaciente', 'Z:\\XAMPP3\\htdocs\\hospital\\app\\Views\\frm_actualizar_paciente.php', 28)
 2 SYSTEMPATH\View\View.php(224): include('Z:\\XAMPP3\\htdocs\\hospital\\app\\Views\\frm_actualizar_paciente.php')
 3 SYSTEMPATH\View\View.php(227): CodeIgniter\View\View->CodeIgniter\View\{closure}()
 4 SYSTEMPATH\Common.php(1180): CodeIgniter\View\View->render('frm_actualizar_paciente', [], true)
 5 APPPATH\Controllers\ControllerPacientes.php(44): view('frm_actualizar_paciente', [...])
 6 SYSTEMPATH\CodeIgniter.php(932): App\Controllers\ControllerPacientes->localizarPaciente('2')
 7 SYSTEMPATH\CodeIgniter.php(497): CodeIgniter\CodeIgniter->runController(Object(App\Controllers\ControllerPacientes))
 8 SYSTEMPATH\CodeIgniter.php(366): CodeIgniter\CodeIgniter->handleRequest(null, Object(Config\Cache), false)
 9 FCPATH\index.php(67): CodeIgniter\CodeIgniter->run()
CRITICAL - 2023-10-30 07:30:36 --> Undefined variable $resultadoPaciente
in APPPATH\Views\frm_actualizar_paciente.php on line 28.
 1 APPPATH\Views\frm_actualizar_paciente.php(28): CodeIgniter\Debug\Exceptions->errorHandler(2, 'Undefined variable $resultadoPaciente', 'Z:\\XAMPP3\\htdocs\\hospital\\app\\Views\\frm_actualizar_paciente.php', 28)
 2 SYSTEMPATH\View\View.php(224): include('Z:\\XAMPP3\\htdocs\\hospital\\app\\Views\\frm_actualizar_paciente.php')
 3 SYSTEMPATH\View\View.php(227): CodeIgniter\View\View->CodeIgniter\View\{closure}()
 4 SYSTEMPATH\Common.php(1180): CodeIgniter\View\View->render('frm_actualizar_paciente', [], true)
 5 APPPATH\Controllers\ControllerPacientes.php(44): view('frm_actualizar_paciente', [...])
 6 SYSTEMPATH\CodeIgniter.php(932): App\Controllers\ControllerPacientes->localizarPaciente('2')
 7 SYSTEMPATH\CodeIgniter.php(497): CodeIgniter\CodeIgniter->runController(Object(App\Controllers\ControllerPacientes))
 8 SYSTEMPATH\CodeIgniter.php(366): CodeIgniter\CodeIgniter->handleRequest(null, Object(Config\Cache), false)
 9 FCPATH\index.php(67): CodeIgniter\CodeIgniter->run()
CRITICAL - 2023-10-30 07:31:16 --> Undefined variable $resultadoPaciente
in APPPATH\Controllers\ControllerPacientes.php on line 38.
 1 APPPATH\Controllers\ControllerPacientes.php(38): CodeIgniter\Debug\Exceptions->errorHandler(2, 'Undefined variable $resultadoPaciente', 'Z:\\XAMPP3\\htdocs\\hospital\\app\\Controllers\\ControllerPacientes.php', 38)
 2 SYSTEMPATH\CodeIgniter.php(932): App\Controllers\ControllerPacientes->localizarPaciente('2')
 3 SYSTEMPATH\CodeIgniter.php(497): CodeIgniter\CodeIgniter->runController(Object(App\Controllers\ControllerPacientes))
 4 SYSTEMPATH\CodeIgniter.php(366): CodeIgniter\CodeIgniter->handleRequest(null, Object(Config\Cache), false)
 5 FCPATH\index.php(67): CodeIgniter\CodeIgniter->run()
CRITICAL - 2023-10-30 07:31:40 --> Undefined array key "dpi"
in APPPATH\Views\frm_actualizar_paciente.php on line 34.
 1 APPPATH\Views\frm_actualizar_paciente.php(34): CodeIgniter\Debug\Exceptions->errorHandler(2, 'Undefined array key "dpi"', 'Z:\\XAMPP3\\htdocs\\hospital\\app\\Views\\frm_actualizar_paciente.php', 34)
 2 SYSTEMPATH\View\View.php(224): include('Z:\\XAMPP3\\htdocs\\hospital\\app\\Views\\frm_actualizar_paciente.php')
 3 SYSTEMPATH\View\View.php(227): CodeIgniter\View\View->CodeIgniter\View\{closure}()
 4 SYSTEMPATH\Common.php(1180): CodeIgniter\View\View->render('frm_actualizar_paciente', [], true)
 5 APPPATH\Controllers\ControllerPacientes.php(44): view('frm_actualizar_paciente', [...])
 6 SYSTEMPATH\CodeIgniter.php(932): App\Controllers\ControllerPacientes->localizarPaciente('2')
 7 SYSTEMPATH\CodeIgniter.php(497): CodeIgniter\CodeIgniter->runController(Object(App\Controllers\ControllerPacientes))
 8 SYSTEMPATH\CodeIgniter.php(366): CodeIgniter\CodeIgniter->handleRequest(null, Object(Config\Cache), false)
 9 FCPATH\index.php(67): CodeIgniter\CodeIgniter->run()
CRITICAL - 2023-10-30 07:32:34 --> Array to string conversion
in APPPATH\Views\frm_actualizar_paciente.php on line 40.
 1 APPPATH\Views\frm_actualizar_paciente.php(40): CodeIgniter\Debug\Exceptions->errorHandler(2, 'Array to string conversion', 'Z:\\XAMPP3\\htdocs\\hospital\\app\\Views\\frm_actualizar_paciente.php', 40)
 2 SYSTEMPATH\View\View.php(224): include('Z:\\XAMPP3\\htdocs\\hospital\\app\\Views\\frm_actualizar_paciente.php')
 3 SYSTEMPATH\View\View.php(227): CodeIgniter\View\View->CodeIgniter\View\{closure}()
 4 SYSTEMPATH\Common.php(1180): CodeIgniter\View\View->render('frm_actualizar_paciente', [], true)
 5 APPPATH\Controllers\ControllerPacientes.php(44): view('frm_actualizar_paciente', [...])
 6 SYSTEMPATH\CodeIgniter.php(932): App\Controllers\ControllerPacientes->localizarPaciente('2')
 7 SYSTEMPATH\CodeIgniter.php(497): CodeIgniter\CodeIgniter->runController(Object(App\Controllers\ControllerPacientes))
 8 SYSTEMPATH\CodeIgniter.php(366): CodeIgniter\CodeIgniter->handleRequest(null, Object(Config\Cache), false)
 9 FCPATH\index.php(67): CodeIgniter\CodeIgniter->run()
CRITICAL - 2023-10-30 08:09:22 --> Class "App\Models\EstadoCivil" not found
in APPPATH\Controllers\ControllerPacientes.php on line 38.
 1 SYSTEMPATH\CodeIgniter.php(932): App\Controllers\ControllerPacientes->localizarPaciente('2')
 2 SYSTEMPATH\CodeIgniter.php(497): CodeIgniter\CodeIgniter->runController(Object(App\Controllers\ControllerPacientes))
 3 SYSTEMPATH\CodeIgniter.php(366): CodeIgniter\CodeIgniter->handleRequest(null, Object(Config\Cache), false)
 4 FCPATH\index.php(67): CodeIgniter\CodeIgniter->run()
CRITICAL - 2023-10-30 08:11:12 --> Class "App\Models\EstadoCivil" not found
in APPPATH\Controllers\ControllerPacientes.php on line 38.
 1 SYSTEMPATH\CodeIgniter.php(932): App\Controllers\ControllerPacientes->localizarPaciente('2')
 2 SYSTEMPATH\CodeIgniter.php(497): CodeIgniter\CodeIgniter->runController(Object(App\Controllers\ControllerPacientes))
 3 SYSTEMPATH\CodeIgniter.php(366): CodeIgniter\CodeIgniter->handleRequest(null, Object(Config\Cache), false)
 4 FCPATH\index.php(67): CodeIgniter\CodeIgniter->run()
CRITICAL - 2023-10-30 08:14:52 --> Class "App\Models\EstadoCivil" not found
in APPPATH\Controllers\ControllerPacientes.php on line 39.
 1 SYSTEMPATH\CodeIgniter.php(932): App\Controllers\ControllerPacientes->localizarPaciente('2')
 2 SYSTEMPATH\CodeIgniter.php(497): CodeIgniter\CodeIgniter->runController(Object(App\Controllers\ControllerPacientes))
 3 SYSTEMPATH\CodeIgniter.php(366): CodeIgniter\CodeIgniter->handleRequest(null, Object(Config\Cache), false)
 4 FCPATH\index.php(67): CodeIgniter\CodeIgniter->run()
CRITICAL - 2023-10-30 08:15:48 --> Class "App\Models\EstadoCivil" not found
in APPPATH\Controllers\ControllerPacientes.php on line 39.
 1 SYSTEMPATH\CodeIgniter.php(932): App\Controllers\ControllerPacientes->localizarPaciente('2')
 2 SYSTEMPATH\CodeIgniter.php(497): CodeIgniter\CodeIgniter->runController(Object(App\Controllers\ControllerPacientes))
 3 SYSTEMPATH\CodeIgniter.php(366): CodeIgniter\CodeIgniter->handleRequest(null, Object(Config\Cache), false)
 4 FCPATH\index.php(67): CodeIgniter\CodeIgniter->run()
CRITICAL - 2023-10-30 08:16:43 --> Class "App\Models\EstadoCiviles" not found
in APPPATH\Controllers\ControllerPacientes.php on line 39.
 1 SYSTEMPATH\CodeIgniter.php(932): App\Controllers\ControllerPacientes->localizarPaciente('2')
 2 SYSTEMPATH\CodeIgniter.php(497): CodeIgniter\CodeIgniter->runController(Object(App\Controllers\ControllerPacientes))
 3 SYSTEMPATH\CodeIgniter.php(366): CodeIgniter\CodeIgniter->handleRequest(null, Object(Config\Cache), false)
 4 FCPATH\index.php(67): CodeIgniter\CodeIgniter->run()
CRITICAL - 2023-10-30 08:19:30 --> Undefined array key "pais"
in APPPATH\Views\frm_actualizar_paciente.php on line 127.
 1 APPPATH\Views\frm_actualizar_paciente.php(127): CodeIgniter\Debug\Exceptions->errorHandler(2, 'Undefined array key "pais"', 'Z:\\XAMPP3\\htdocs\\hospital\\app\\Views\\frm_actualizar_paciente.php', 127)
 2 SYSTEMPATH\View\View.php(224): include('Z:\\XAMPP3\\htdocs\\hospital\\app\\Views\\frm_actualizar_paciente.php')
 3 SYSTEMPATH\View\View.php(227): CodeIgniter\View\View->CodeIgniter\View\{closure}()
 4 SYSTEMPATH\Common.php(1180): CodeIgniter\View\View->render('frm_actualizar_paciente', [], true)
 5 APPPATH\Controllers\ControllerPacientes.php(49): view('frm_actualizar_paciente', [...])
 6 SYSTEMPATH\CodeIgniter.php(932): App\Controllers\ControllerPacientes->localizarPaciente('2')
 7 SYSTEMPATH\CodeIgniter.php(497): CodeIgniter\CodeIgniter->runController(Object(App\Controllers\ControllerPacientes))
 8 SYSTEMPATH\CodeIgniter.php(366): CodeIgniter\CodeIgniter->handleRequest(null, Object(Config\Cache), false)
 9 FCPATH\index.php(67): CodeIgniter\CodeIgniter->run()
CRITICAL - 2023-10-30 08:30:50 --> Undefined array key "cod_estado_civil"
in APPPATH\Views\frm_actualizar_paciente.php on line 148.
 1 APPPATH\Views\frm_actualizar_paciente.php(148): CodeIgniter\Debug\Exceptions->errorHandler(2, 'Undefined array key "cod_estado_civil"', 'Z:\\XAMPP3\\htdocs\\hospital\\app\\Views\\frm_actualizar_paciente.php', 148)
 2 SYSTEMPATH\View\View.php(224): include('Z:\\XAMPP3\\htdocs\\hospital\\app\\Views\\frm_actualizar_paciente.php')
 3 SYSTEMPATH\View\View.php(227): CodeIgniter\View\View->CodeIgniter\View\{closure}()
 4 SYSTEMPATH\Common.php(1180): CodeIgniter\View\View->render('frm_actualizar_paciente', [], true)
 5 APPPATH\Controllers\ControllerPacientes.php(58): view('frm_actualizar_paciente', [...])
 6 SYSTEMPATH\CodeIgniter.php(932): App\Controllers\ControllerPacientes->localizarPaciente('2')
 7 SYSTEMPATH\CodeIgniter.php(497): CodeIgniter\CodeIgniter->runController(Object(App\Controllers\ControllerPacientes))
 8 SYSTEMPATH\CodeIgniter.php(366): CodeIgniter\CodeIgniter->handleRequest(null, Object(Config\Cache), false)
 9 FCPATH\index.php(67): CodeIgniter\CodeIgniter->run()
CRITICAL - 2023-10-30 09:06:45 --> Undefined variable $resultadoPaciente
in APPPATH\Views\vista_pacientes.php on line 49.
 1 APPPATH\Views\vista_pacientes.php(49): CodeIgniter\Debug\Exceptions->errorHandler(2, 'Undefined variable $resultadoPaciente', 'Z:\\XAMPP3\\htdocs\\hospital\\app\\Views\\vista_pacientes.php', 49)
 2 SYSTEMPATH\View\View.php(224): include('Z:\\XAMPP3\\htdocs\\hospital\\app\\Views\\vista_pacientes.php')
 3 SYSTEMPATH\View\View.php(227): CodeIgniter\View\View->CodeIgniter\View\{closure}()
 4 SYSTEMPATH\Common.php(1180): CodeIgniter\View\View->render('vista_pacientes', [], true)
 5 APPPATH\Controllers\ControllerPacientes.php(37): view('vista_pacientes', [...])
 6 SYSTEMPATH\CodeIgniter.php(932): App\Controllers\ControllerPacientes->cargarPacientes()
 7 SYSTEMPATH\CodeIgniter.php(497): CodeIgniter\CodeIgniter->runController(Object(App\Controllers\ControllerPacientes))
 8 SYSTEMPATH\CodeIgniter.php(366): CodeIgniter\CodeIgniter->handleRequest(null, Object(Config\Cache), false)
 9 FCPATH\index.php(67): CodeIgniter\CodeIgniter->run()
CRITICAL - 2023-10-30 09:06:50 --> Undefined variable $resultadoPaciente
in APPPATH\Views\vista_pacientes.php on line 49.
 1 APPPATH\Views\vista_pacientes.php(49): CodeIgniter\Debug\Exceptions->errorHandler(2, 'Undefined variable $resultadoPaciente', 'Z:\\XAMPP3\\htdocs\\hospital\\app\\Views\\vista_pacientes.php', 49)
 2 SYSTEMPATH\View\View.php(224): include('Z:\\XAMPP3\\htdocs\\hospital\\app\\Views\\vista_pacientes.php')
 3 SYSTEMPATH\View\View.php(227): CodeIgniter\View\View->CodeIgniter\View\{closure}()
 4 SYSTEMPATH\Common.php(1180): CodeIgniter\View\View->render('vista_pacientes', [], true)
 5 APPPATH\Controllers\ControllerPacientes.php(37): view('vista_pacientes', [...])
 6 SYSTEMPATH\CodeIgniter.php(932): App\Controllers\ControllerPacientes->cargarPacientes()
 7 SYSTEMPATH\CodeIgniter.php(497): CodeIgniter\CodeIgniter->runController(Object(App\Controllers\ControllerPacientes))
 8 SYSTEMPATH\CodeIgniter.php(366): CodeIgniter\CodeIgniter->handleRequest(null, Object(Config\Cache), false)
 9 FCPATH\index.php(67): CodeIgniter\CodeIgniter->run()
CRITICAL - 2023-10-30 09:10:26 --> Undefined variable $resultadoPaciente
in APPPATH\Views\vista_pacientes.php on line 49.
 1 APPPATH\Views\vista_pacientes.php(49): CodeIgniter\Debug\Exceptions->errorHandler(2, 'Undefined variable $resultadoPaciente', 'Z:\\XAMPP3\\htdocs\\hospital\\app\\Views\\vista_pacientes.php', 49)
 2 SYSTEMPATH\View\View.php(224): include('Z:\\XAMPP3\\htdocs\\hospital\\app\\Views\\vista_pacientes.php')
 3 SYSTEMPATH\View\View.php(227): CodeIgniter\View\View->CodeIgniter\View\{closure}()
 4 SYSTEMPATH\Common.php(1180): CodeIgniter\View\View->render('vista_pacientes', [], true)
 5 APPPATH\Controllers\ControllerPacientes.php(37): view('vista_pacientes', [...])
 6 SYSTEMPATH\CodeIgniter.php(932): App\Controllers\ControllerPacientes->cargarPacientes()
 7 SYSTEMPATH\CodeIgniter.php(497): CodeIgniter\CodeIgniter->runController(Object(App\Controllers\ControllerPacientes))
 8 SYSTEMPATH\CodeIgniter.php(366): CodeIgniter\CodeIgniter->handleRequest(null, Object(Config\Cache), false)
 9 FCPATH\index.php(67): CodeIgniter\CodeIgniter->run()
CRITICAL - 2023-10-30 09:10:56 --> Undefined variable $resultadoPaciente
in APPPATH\Views\vista_pacientes.php on line 49.
 1 APPPATH\Views\vista_pacientes.php(49): CodeIgniter\Debug\Exceptions->errorHandler(2, 'Undefined variable $resultadoPaciente', 'Z:\\XAMPP3\\htdocs\\hospital\\app\\Views\\vista_pacientes.php', 49)
 2 SYSTEMPATH\View\View.php(224): include('Z:\\XAMPP3\\htdocs\\hospital\\app\\Views\\vista_pacientes.php')
 3 SYSTEMPATH\View\View.php(227): CodeIgniter\View\View->CodeIgniter\View\{closure}()
 4 SYSTEMPATH\Common.php(1180): CodeIgniter\View\View->render('vista_pacientes', [], true)
 5 APPPATH\Controllers\ControllerPacientes.php(37): view('vista_pacientes', [...])
 6 SYSTEMPATH\CodeIgniter.php(932): App\Controllers\ControllerPacientes->cargarPacientes()
 7 SYSTEMPATH\CodeIgniter.php(497): CodeIgniter\CodeIgniter->runController(Object(App\Controllers\ControllerPacientes))
 8 SYSTEMPATH\CodeIgniter.php(366): CodeIgniter\CodeIgniter->handleRequest(null, Object(Config\Cache), false)
 9 FCPATH\index.php(67): CodeIgniter\CodeIgniter->run()
CRITICAL - 2023-10-30 09:11:29 --> Undefined variable $resultadoPaciente
in APPPATH\Views\vista_pacientes.php on line 49.
 1 APPPATH\Views\vista_pacientes.php(49): CodeIgniter\Debug\Exceptions->errorHandler(2, 'Undefined variable $resultadoPaciente', 'Z:\\XAMPP3\\htdocs\\hospital\\app\\Views\\vista_pacientes.php', 49)
 2 SYSTEMPATH\View\View.php(224): include('Z:\\XAMPP3\\htdocs\\hospital\\app\\Views\\vista_pacientes.php')
 3 SYSTEMPATH\View\View.php(227): CodeIgniter\View\View->CodeIgniter\View\{closure}()
 4 SYSTEMPATH\Common.php(1180): CodeIgniter\View\View->render('vista_pacientes', [], true)
 5 APPPATH\Controllers\ControllerPacientes.php(37): view('vista_pacientes', [...])
 6 SYSTEMPATH\CodeIgniter.php(932): App\Controllers\ControllerPacientes->cargarPacientes()
 7 SYSTEMPATH\CodeIgniter.php(497): CodeIgniter\CodeIgniter->runController(Object(App\Controllers\ControllerPacientes))
 8 SYSTEMPATH\CodeIgniter.php(366): CodeIgniter\CodeIgniter->handleRequest(null, Object(Config\Cache), false)
 9 FCPATH\index.php(67): CodeIgniter\CodeIgniter->run()
CRITICAL - 2023-10-30 09:12:15 --> Undefined variable $resultadoPaciente
in APPPATH\Views\vista_pacientes.php on line 62.
 1 APPPATH\Views\vista_pacientes.php(62): CodeIgniter\Debug\Exceptions->errorHandler(2, 'Undefined variable $resultadoPaciente', 'Z:\\XAMPP3\\htdocs\\hospital\\app\\Views\\vista_pacientes.php', 62)
 2 SYSTEMPATH\View\View.php(224): include('Z:\\XAMPP3\\htdocs\\hospital\\app\\Views\\vista_pacientes.php')
 3 SYSTEMPATH\View\View.php(227): CodeIgniter\View\View->CodeIgniter\View\{closure}()
 4 SYSTEMPATH\Common.php(1180): CodeIgniter\View\View->render('vista_pacientes', [], true)
 5 APPPATH\Controllers\ControllerPacientes.php(37): view('vista_pacientes', [...])
 6 SYSTEMPATH\CodeIgniter.php(932): App\Controllers\ControllerPacientes->cargarPacientes()
 7 SYSTEMPATH\CodeIgniter.php(497): CodeIgniter\CodeIgniter->runController(Object(App\Controllers\ControllerPacientes))
 8 SYSTEMPATH\CodeIgniter.php(366): CodeIgniter\CodeIgniter->handleRequest(null, Object(Config\Cache), false)
 9 FCPATH\index.php(67): CodeIgniter\CodeIgniter->run()
CRITICAL - 2023-10-30 09:13:28 --> Undefined variable $selected
in APPPATH\Views\vista_pacientes.php on line 153.
 1 APPPATH\Views\vista_pacientes.php(153): CodeIgniter\Debug\Exceptions->errorHandler(2, 'Undefined variable $selected', 'Z:\\XAMPP3\\htdocs\\hospital\\app\\Views\\vista_pacientes.php', 153)
 2 SYSTEMPATH\View\View.php(224): include('Z:\\XAMPP3\\htdocs\\hospital\\app\\Views\\vista_pacientes.php')
 3 SYSTEMPATH\View\View.php(227): CodeIgniter\View\View->CodeIgniter\View\{closure}()
 4 SYSTEMPATH\Common.php(1180): CodeIgniter\View\View->render('vista_pacientes', [], true)
 5 APPPATH\Controllers\ControllerPacientes.php(37): view('vista_pacientes', [...])
 6 SYSTEMPATH\CodeIgniter.php(932): App\Controllers\ControllerPacientes->cargarPacientes()
 7 SYSTEMPATH\CodeIgniter.php(497): CodeIgniter\CodeIgniter->runController(Object(App\Controllers\ControllerPacientes))
 8 SYSTEMPATH\CodeIgniter.php(366): CodeIgniter\CodeIgniter->handleRequest(null, Object(Config\Cache), false)
 9 FCPATH\index.php(67): CodeIgniter\CodeIgniter->run()
CRITICAL - 2023-10-30 09:14:54 --> Undefined variable $selected
in APPPATH\Views\vista_pacientes.php on line 153.
 1 APPPATH\Views\vista_pacientes.php(153): CodeIgniter\Debug\Exceptions->errorHandler(2, 'Undefined variable $selected', 'Z:\\XAMPP3\\htdocs\\hospital\\app\\Views\\vista_pacientes.php', 153)
 2 SYSTEMPATH\View\View.php(224): include('Z:\\XAMPP3\\htdocs\\hospital\\app\\Views\\vista_pacientes.php')
 3 SYSTEMPATH\View\View.php(227): CodeIgniter\View\View->CodeIgniter\View\{closure}()
 4 SYSTEMPATH\Common.php(1180): CodeIgniter\View\View->render('vista_pacientes', [], true)
 5 APPPATH\Controllers\ControllerPacientes.php(37): view('vista_pacientes', [...])
 6 SYSTEMPATH\CodeIgniter.php(932): App\Controllers\ControllerPacientes->cargarPacientes()
 7 SYSTEMPATH\CodeIgniter.php(497): CodeIgniter\CodeIgniter->runController(Object(App\Controllers\ControllerPacientes))
 8 SYSTEMPATH\CodeIgniter.php(366): CodeIgniter\CodeIgniter->handleRequest(null, Object(Config\Cache), false)
 9 FCPATH\index.php(67): CodeIgniter\CodeIgniter->run()
CRITICAL - 2023-10-30 09:14:57 --> Undefined variable $selected
in APPPATH\Views\vista_pacientes.php on line 153.
 1 APPPATH\Views\vista_pacientes.php(153): CodeIgniter\Debug\Exceptions->errorHandler(2, 'Undefined variable $selected', 'Z:\\XAMPP3\\htdocs\\hospital\\app\\Views\\vista_pacientes.php', 153)
 2 SYSTEMPATH\View\View.php(224): include('Z:\\XAMPP3\\htdocs\\hospital\\app\\Views\\vista_pacientes.php')
 3 SYSTEMPATH\View\View.php(227): CodeIgniter\View\View->CodeIgniter\View\{closure}()
 4 SYSTEMPATH\Common.php(1180): CodeIgniter\View\View->render('vista_pacientes', [], true)
 5 APPPATH\Controllers\ControllerPacientes.php(37): view('vista_pacientes', [...])
 6 SYSTEMPATH\CodeIgniter.php(932): App\Controllers\ControllerPacientes->cargarPacientes()
 7 SYSTEMPATH\CodeIgniter.php(497): CodeIgniter\CodeIgniter->runController(Object(App\Controllers\ControllerPacientes))
 8 SYSTEMPATH\CodeIgniter.php(366): CodeIgniter\CodeIgniter->handleRequest(null, Object(Config\Cache), false)
 9 FCPATH\index.php(67): CodeIgniter\CodeIgniter->run()
CRITICAL - 2023-10-30 09:15:50 --> Undefined variable $selected
in APPPATH\Views\vista_pacientes.php on line 151.
 1 APPPATH\Views\vista_pacientes.php(151): CodeIgniter\Debug\Exceptions->errorHandler(2, 'Undefined variable $selected', 'Z:\\XAMPP3\\htdocs\\hospital\\app\\Views\\vista_pacientes.php', 151)
 2 SYSTEMPATH\View\View.php(224): include('Z:\\XAMPP3\\htdocs\\hospital\\app\\Views\\vista_pacientes.php')
 3 SYSTEMPATH\View\View.php(227): CodeIgniter\View\View->CodeIgniter\View\{closure}()
 4 SYSTEMPATH\Common.php(1180): CodeIgniter\View\View->render('vista_pacientes', [], true)
 5 APPPATH\Controllers\ControllerPacientes.php(37): view('vista_pacientes', [...])
 6 SYSTEMPATH\CodeIgniter.php(932): App\Controllers\ControllerPacientes->cargarPacientes()
 7 SYSTEMPATH\CodeIgniter.php(497): CodeIgniter\CodeIgniter->runController(Object(App\Controllers\ControllerPacientes))
 8 SYSTEMPATH\CodeIgniter.php(366): CodeIgniter\CodeIgniter->handleRequest(null, Object(Config\Cache), false)
 9 FCPATH\index.php(67): CodeIgniter\CodeIgniter->run()
CRITICAL - 2023-10-30 09:17:15 --> Undefined variable $selected
in APPPATH\Views\vista_pacientes.php on line 173.
 1 APPPATH\Views\vista_pacientes.php(173): CodeIgniter\Debug\Exceptions->errorHandler(2, 'Undefined variable $selected', 'Z:\\XAMPP3\\htdocs\\hospital\\app\\Views\\vista_pacientes.php', 173)
 2 SYSTEMPATH\View\View.php(224): include('Z:\\XAMPP3\\htdocs\\hospital\\app\\Views\\vista_pacientes.php')
 3 SYSTEMPATH\View\View.php(227): CodeIgniter\View\View->CodeIgniter\View\{closure}()
 4 SYSTEMPATH\Common.php(1180): CodeIgniter\View\View->render('vista_pacientes', [], true)
 5 APPPATH\Controllers\ControllerPacientes.php(37): view('vista_pacientes', [...])
 6 SYSTEMPATH\CodeIgniter.php(932): App\Controllers\ControllerPacientes->cargarPacientes()
 7 SYSTEMPATH\CodeIgniter.php(497): CodeIgniter\CodeIgniter->runController(Object(App\Controllers\ControllerPacientes))
 8 SYSTEMPATH\CodeIgniter.php(366): CodeIgniter\CodeIgniter->handleRequest(null, Object(Config\Cache), false)
 9 FCPATH\index.php(67): CodeIgniter\CodeIgniter->run()
CRITICAL - 2023-10-30 09:18:14 --> Undefined variable $selected
in APPPATH\Views\vista_pacientes.php on line 152.
 1 APPPATH\Views\vista_pacientes.php(152): CodeIgniter\Debug\Exceptions->errorHandler(2, 'Undefined variable $selected', 'Z:\\XAMPP3\\htdocs\\hospital\\app\\Views\\vista_pacientes.php', 152)
 2 SYSTEMPATH\View\View.php(224): include('Z:\\XAMPP3\\htdocs\\hospital\\app\\Views\\vista_pacientes.php')
 3 SYSTEMPATH\View\View.php(227): CodeIgniter\View\View->CodeIgniter\View\{closure}()
 4 SYSTEMPATH\Common.php(1180): CodeIgniter\View\View->render('vista_pacientes', [], true)
 5 APPPATH\Controllers\ControllerPacientes.php(37): view('vista_pacientes', [...])
 6 SYSTEMPATH\CodeIgniter.php(932): App\Controllers\ControllerPacientes->cargarPacientes()
 7 SYSTEMPATH\CodeIgniter.php(497): CodeIgniter\CodeIgniter->runController(Object(App\Controllers\ControllerPacientes))
 8 SYSTEMPATH\CodeIgniter.php(366): CodeIgniter\CodeIgniter->handleRequest(null, Object(Config\Cache), false)
 9 FCPATH\index.php(67): CodeIgniter\CodeIgniter->run()
CRITICAL - 2023-10-30 09:19:34 --> Undefined variable $selected
in APPPATH\Views\vista_pacientes.php on line 152.
 1 APPPATH\Views\vista_pacientes.php(152): CodeIgniter\Debug\Exceptions->errorHandler(2, 'Undefined variable $selected', 'Z:\\XAMPP3\\htdocs\\hospital\\app\\Views\\vista_pacientes.php', 152)
 2 SYSTEMPATH\View\View.php(224): include('Z:\\XAMPP3\\htdocs\\hospital\\app\\Views\\vista_pacientes.php')
 3 SYSTEMPATH\View\View.php(227): CodeIgniter\View\View->CodeIgniter\View\{closure}()
 4 SYSTEMPATH\Common.php(1180): CodeIgniter\View\View->render('vista_pacientes', [], true)
 5 APPPATH\Controllers\ControllerPacientes.php(37): view('vista_pacientes', [...])
 6 SYSTEMPATH\CodeIgniter.php(932): App\Controllers\ControllerPacientes->cargarPacientes()
 7 SYSTEMPATH\CodeIgniter.php(497): CodeIgniter\CodeIgniter->runController(Object(App\Controllers\ControllerPacientes))
 8 SYSTEMPATH\CodeIgniter.php(366): CodeIgniter\CodeIgniter->handleRequest(null, Object(Config\Cache), false)
 9 FCPATH\index.php(67): CodeIgniter\CodeIgniter->run()
CRITICAL - 2023-10-30 09:19:36 --> Undefined variable $selected
in APPPATH\Views\vista_pacientes.php on line 152.
 1 APPPATH\Views\vista_pacientes.php(152): CodeIgniter\Debug\Exceptions->errorHandler(2, 'Undefined variable $selected', 'Z:\\XAMPP3\\htdocs\\hospital\\app\\Views\\vista_pacientes.php', 152)
 2 SYSTEMPATH\View\View.php(224): include('Z:\\XAMPP3\\htdocs\\hospital\\app\\Views\\vista_pacientes.php')
 3 SYSTEMPATH\View\View.php(227): CodeIgniter\View\View->CodeIgniter\View\{closure}()
 4 SYSTEMPATH\Common.php(1180): CodeIgniter\View\View->render('vista_pacientes', [], true)
 5 APPPATH\Controllers\ControllerPacientes.php(37): view('vista_pacientes', [...])
 6 SYSTEMPATH\CodeIgniter.php(932): App\Controllers\ControllerPacientes->cargarPacientes()
 7 SYSTEMPATH\CodeIgniter.php(497): CodeIgniter\CodeIgniter->runController(Object(App\Controllers\ControllerPacientes))
 8 SYSTEMPATH\CodeIgniter.php(366): CodeIgniter\CodeIgniter->handleRequest(null, Object(Config\Cache), false)
 9 FCPATH\index.php(67): CodeIgniter\CodeIgniter->run()
CRITICAL - 2023-10-30 09:20:32 --> Undefined variable $selected
in APPPATH\Views\vista_pacientes.php on line 185.
 1 APPPATH\Views\vista_pacientes.php(185): CodeIgniter\Debug\Exceptions->errorHandler(2, 'Undefined variable $selected', 'Z:\\XAMPP3\\htdocs\\hospital\\app\\Views\\vista_pacientes.php', 185)
 2 SYSTEMPATH\View\View.php(224): include('Z:\\XAMPP3\\htdocs\\hospital\\app\\Views\\vista_pacientes.php')
 3 SYSTEMPATH\View\View.php(227): CodeIgniter\View\View->CodeIgniter\View\{closure}()
 4 SYSTEMPATH\Common.php(1180): CodeIgniter\View\View->render('vista_pacientes', [], true)
 5 APPPATH\Controllers\ControllerPacientes.php(37): view('vista_pacientes', [...])
 6 SYSTEMPATH\CodeIgniter.php(932): App\Controllers\ControllerPacientes->cargarPacientes()
 7 SYSTEMPATH\CodeIgniter.php(497): CodeIgniter\CodeIgniter->runController(Object(App\Controllers\ControllerPacientes))
 8 SYSTEMPATH\CodeIgniter.php(366): CodeIgniter\CodeIgniter->handleRequest(null, Object(Config\Cache), false)
 9 FCPATH\index.php(67): CodeIgniter\CodeIgniter->run()
CRITICAL - 2023-10-30 09:23:36 --> Undefined variable $selected
in APPPATH\Views\frm_actualizar_paciente.php on line 132.
 1 APPPATH\Views\frm_actualizar_paciente.php(132): CodeIgniter\Debug\Exceptions->errorHandler(2, 'Undefined variable $selected', 'Z:\\XAMPP3\\htdocs\\hospital\\app\\Views\\frm_actualizar_paciente.php', 132)
 2 SYSTEMPATH\View\View.php(224): include('Z:\\XAMPP3\\htdocs\\hospital\\app\\Views\\frm_actualizar_paciente.php')
 3 SYSTEMPATH\View\View.php(227): CodeIgniter\View\View->CodeIgniter\View\{closure}()
 4 SYSTEMPATH\Common.php(1180): CodeIgniter\View\View->render('frm_actualizar_paciente', [], true)
 5 APPPATH\Controllers\ControllerPacientes.php(66): view('frm_actualizar_paciente', [...])
 6 SYSTEMPATH\CodeIgniter.php(932): App\Controllers\ControllerPacientes->localizarPaciente('2')
 7 SYSTEMPATH\CodeIgniter.php(497): CodeIgniter\CodeIgniter->runController(Object(App\Controllers\ControllerPacientes))
 8 SYSTEMPATH\CodeIgniter.php(366): CodeIgniter\CodeIgniter->handleRequest(null, Object(Config\Cache), false)
 9 FCPATH\index.php(67): CodeIgniter\CodeIgniter->run()
CRITICAL - 2023-10-30 09:23:42 --> Undefined variable $selected
in APPPATH\Views\frm_actualizar_paciente.php on line 132.
 1 APPPATH\Views\frm_actualizar_paciente.php(132): CodeIgniter\Debug\Exceptions->errorHandler(2, 'Undefined variable $selected', 'Z:\\XAMPP3\\htdocs\\hospital\\app\\Views\\frm_actualizar_paciente.php', 132)
 2 SYSTEMPATH\View\View.php(224): include('Z:\\XAMPP3\\htdocs\\hospital\\app\\Views\\frm_actualizar_paciente.php')
 3 SYSTEMPATH\View\View.php(227): CodeIgniter\View\View->CodeIgniter\View\{closure}()
 4 SYSTEMPATH\Common.php(1180): CodeIgniter\View\View->render('frm_actualizar_paciente', [], true)
 5 APPPATH\Controllers\ControllerPacientes.php(66): view('frm_actualizar_paciente', [...])
 6 SYSTEMPATH\CodeIgniter.php(932): App\Controllers\ControllerPacientes->localizarPaciente('2')
 7 SYSTEMPATH\CodeIgniter.php(497): CodeIgniter\CodeIgniter->runController(Object(App\Controllers\ControllerPacientes))
 8 SYSTEMPATH\CodeIgniter.php(366): CodeIgniter\CodeIgniter->handleRequest(null, Object(Config\Cache), false)
 9 FCPATH\index.php(67): CodeIgniter\CodeIgniter->run()
CRITICAL - 2023-10-30 09:26:37 --> Undefined variable $selected
in APPPATH\Views\frm_actualizar_paciente.php on line 132.
 1 APPPATH\Views\frm_actualizar_paciente.php(132): CodeIgniter\Debug\Exceptions->errorHandler(2, 'Undefined variable $selected', 'Z:\\XAMPP3\\htdocs\\hospital\\app\\Views\\frm_actualizar_paciente.php', 132)
 2 SYSTEMPATH\View\View.php(224): include('Z:\\XAMPP3\\htdocs\\hospital\\app\\Views\\frm_actualizar_paciente.php')
 3 SYSTEMPATH\View\View.php(227): CodeIgniter\View\View->CodeIgniter\View\{closure}()
 4 SYSTEMPATH\Common.php(1180): CodeIgniter\View\View->render('frm_actualizar_paciente', [], true)
 5 APPPATH\Controllers\ControllerPacientes.php(66): view('frm_actualizar_paciente', [...])
 6 SYSTEMPATH\CodeIgniter.php(932): App\Controllers\ControllerPacientes->localizarPaciente('2')
 7 SYSTEMPATH\CodeIgniter.php(497): CodeIgniter\CodeIgniter->runController(Object(App\Controllers\ControllerPacientes))
 8 SYSTEMPATH\CodeIgniter.php(366): CodeIgniter\CodeIgniter->handleRequest(null, Object(Config\Cache), false)
 9 FCPATH\index.php(67): CodeIgniter\CodeIgniter->run()
CRITICAL - 2023-10-30 11:23:46 --> Updates are not allowed unless they contain a "where" or "like" clause.
in SYSTEMPATH\Model.php on line 391.
 1 SYSTEMPATH\BaseModel.php(943): CodeIgniter\Model->doUpdate(null, [...])
 2 SYSTEMPATH\Model.php(756): CodeIgniter\BaseModel->update(null, [...])
 3 APPPATH\Controllers\ControllerPacientes.php(172): CodeIgniter\Model->update(null, [...])
 4 SYSTEMPATH\CodeIgniter.php(932): App\Controllers\ControllerPacientes->modificarPaciente()
 5 SYSTEMPATH\CodeIgniter.php(497): CodeIgniter\CodeIgniter->runController(Object(App\Controllers\ControllerPacientes))
 6 SYSTEMPATH\CodeIgniter.php(366): CodeIgniter\CodeIgniter->handleRequest(null, Object(Config\Cache), false)
 7 FCPATH\index.php(67): CodeIgniter\CodeIgniter->run()
CRITICAL - 2023-10-30 11:25:54 --> Updates are not allowed unless they contain a "where" or "like" clause.
in SYSTEMPATH\Model.php on line 391.
 1 SYSTEMPATH\BaseModel.php(943): CodeIgniter\Model->doUpdate(null, [...])
 2 SYSTEMPATH\Model.php(756): CodeIgniter\BaseModel->update(null, [...])
 3 APPPATH\Controllers\ControllerPacientes.php(172): CodeIgniter\Model->update(null, [...])
 4 SYSTEMPATH\CodeIgniter.php(932): App\Controllers\ControllerPacientes->modificarPaciente()
 5 SYSTEMPATH\CodeIgniter.php(497): CodeIgniter\CodeIgniter->runController(Object(App\Controllers\ControllerPacientes))
 6 SYSTEMPATH\CodeIgniter.php(366): CodeIgniter\CodeIgniter->handleRequest(null, Object(Config\Cache), false)
 7 FCPATH\index.php(67): CodeIgniter\CodeIgniter->run()
ERROR - 2023-10-30 11:57:01 --> mysqli_sql_exception: Column 'telefono' cannot be null in Z:\XAMPP3\htdocs\hospital\system\Database\MySQLi\Connection.php:295
Stack trace:
#0 Z:\XAMPP3\htdocs\hospital\system\Database\MySQLi\Connection.php(295): mysqli->query('INSERT INTO `pa...', 0)
#1 Z:\XAMPP3\htdocs\hospital\system\Database\BaseConnection.php(692): CodeIgniter\Database\MySQLi\Connection->execute('INSERT INTO `pa...')
#2 Z:\XAMPP3\htdocs\hospital\system\Database\BaseConnection.php(606): CodeIgniter\Database\BaseConnection->simpleQuery('INSERT INTO `pa...')
#3 Z:\XAMPP3\htdocs\hospital\system\Database\BaseBuilder.php(2309): CodeIgniter\Database\BaseConnection->query('INSERT INTO `pa...', Array, false)
#4 Z:\XAMPP3\htdocs\hospital\system\Model.php(330): CodeIgniter\Database\BaseBuilder->insert()
#5 Z:\XAMPP3\htdocs\hospital\system\BaseModel.php(782): CodeIgniter\Model->doInsert(Array)
#6 Z:\XAMPP3\htdocs\hospital\system\Model.php(730): CodeIgniter\BaseModel->insert(Array, true)
#7 Z:\XAMPP3\htdocs\hospital\app\Controllers\ControllerPacientes.php(96): CodeIgniter\Model->insert(Array)
#8 Z:\XAMPP3\htdocs\hospital\system\CodeIgniter.php(932): App\Controllers\ControllerPacientes->guardarPaciente()
#9 Z:\XAMPP3\htdocs\hospital\system\CodeIgniter.php(497): CodeIgniter\CodeIgniter->runController(Object(App\Controllers\ControllerPacientes))
#10 Z:\XAMPP3\htdocs\hospital\system\CodeIgniter.php(366): CodeIgniter\CodeIgniter->handleRequest(NULL, Object(Config\Cache), false)
#11 Z:\XAMPP3\htdocs\hospital\public\index.php(67): CodeIgniter\CodeIgniter->run()
#12 {main}
CRITICAL - 2023-10-30 11:57:01 --> Column 'telefono' cannot be null
in SYSTEMPATH\Database\MySQLi\Connection.php on line 295.
 1 SYSTEMPATH\Database\MySQLi\Connection.php(295): mysqli->query('INSERT INTO `pacientes` (`nombre1`, `nombre2`, `nombre3`, `apellido1`, `apellido2`, `cui`, `telefono`, `fecha_nacimiento`) VALUES (\'dg\', \'fdsg\', \'\', \'sdg\', \'sdg\', \'444\', NULL, \'2023-10-30\')', 0)
 2 SYSTEMPATH\Database\BaseConnection.php(692): CodeIgniter\Database\MySQLi\Connection->execute('INSERT INTO `pacientes` (`nombre1`, `nombre2`, `nombre3`, `apellido1`, `apellido2`, `cui`, `telefono`, `fecha_nacimiento`) VALUES (\'dg\', \'fdsg\', \'\', \'sdg\', \'sdg\', \'444\', NULL, \'2023-10-30\')')
 3 SYSTEMPATH\Database\BaseConnection.php(606): CodeIgniter\Database\BaseConnection->simpleQuery('INSERT INTO `pacientes` (`nombre1`, `nombre2`, `nombre3`, `apellido1`, `apellido2`, `cui`, `telefono`, `fecha_nacimiento`) VALUES (\'dg\', \'fdsg\', \'\', \'sdg\', \'sdg\', \'444\', NULL, \'2023-10-30\')')
 4 SYSTEMPATH\Database\BaseBuilder.php(2309): CodeIgniter\Database\BaseConnection->query('INSERT INTO `pacientes` (`nombre1`, `nombre2`, `nombre3`, `apellido1`, `apellido2`, `cui`, `telefono`, `fecha_nacimiento`) VALUES (:nombre1:, :nombre2:, :nombre3:, :apellido1:, :apellido2:, :cui:, :telefono:, :fecha_nacimiento:)', [...], false)
 5 SYSTEMPATH\Model.php(330): CodeIgniter\Database\BaseBuilder->insert()
 6 SYSTEMPATH\BaseModel.php(782): CodeIgniter\Model->doInsert([...])
 7 SYSTEMPATH\Model.php(730): CodeIgniter\BaseModel->insert([...], true)
 8 APPPATH\Controllers\ControllerPacientes.php(96): CodeIgniter\Model->insert([...])
 9 SYSTEMPATH\CodeIgniter.php(932): App\Controllers\ControllerPacientes->guardarPaciente()
10 SYSTEMPATH\CodeIgniter.php(497): CodeIgniter\CodeIgniter->runController(Object(App\Controllers\ControllerPacientes))
11 SYSTEMPATH\CodeIgniter.php(366): CodeIgniter\CodeIgniter->handleRequest(null, Object(Config\Cache), false)
12 FCPATH\index.php(67): CodeIgniter\CodeIgniter->run()
CRITICAL - 2023-10-30 15:35:58 --> Undefined constant "App\Controllers\inicio"
in APPPATH\Controllers\Home.php on line 18.
 1 SYSTEMPATH\CodeIgniter.php(932): App\Controllers\Home->inicio()
 2 SYSTEMPATH\CodeIgniter.php(497): CodeIgniter\CodeIgniter->runController(Object(App\Controllers\Home))
 3 SYSTEMPATH\CodeIgniter.php(366): CodeIgniter\CodeIgniter->handleRequest(null, Object(Config\Cache), false)
 4 FCPATH\index.php(67): CodeIgniter\CodeIgniter->run()
CRITICAL - 2023-10-30 15:36:16 --> Undefined constant "App\Controllers\inicio"
in APPPATH\Controllers\Home.php on line 18.
 1 SYSTEMPATH\CodeIgniter.php(932): App\Controllers\Home->inicio()
 2 SYSTEMPATH\CodeIgniter.php(497): CodeIgniter\CodeIgniter->runController(Object(App\Controllers\Home))
 3 SYSTEMPATH\CodeIgniter.php(366): CodeIgniter\CodeIgniter->handleRequest(null, Object(Config\Cache), false)
 4 FCPATH\index.php(67): CodeIgniter\CodeIgniter->run()
CRITICAL - 2023-10-30 15:36:38 --> Undefined constant "App\Controllers\vista_menu"
in APPPATH\Controllers\Home.php on line 18.
 1 SYSTEMPATH\CodeIgniter.php(932): App\Controllers\Home->inicio()
 2 SYSTEMPATH\CodeIgniter.php(497): CodeIgniter\CodeIgniter->runController(Object(App\Controllers\Home))
 3 SYSTEMPATH\CodeIgniter.php(366): CodeIgniter\CodeIgniter->handleRequest(null, Object(Config\Cache), false)
 4 FCPATH\index.php(67): CodeIgniter\CodeIgniter->run()
CRITICAL - 2023-10-30 15:36:47 --> Undefined constant "App\Controllers\vista_menu"
in APPPATH\Controllers\Home.php on line 18.
 1 SYSTEMPATH\CodeIgniter.php(932): App\Controllers\Home->inicio()
 2 SYSTEMPATH\CodeIgniter.php(497): CodeIgniter\CodeIgniter->runController(Object(App\Controllers\Home))
 3 SYSTEMPATH\CodeIgniter.php(366): CodeIgniter\CodeIgniter->handleRequest(null, Object(Config\Cache), false)
 4 FCPATH\index.php(67): CodeIgniter\CodeIgniter->run()
CRITICAL - 2023-10-30 15:39:23 --> Undefined constant "App\Controllers\vista_menu"
in APPPATH\Controllers\Home.php on line 18.
 1 SYSTEMPATH\CodeIgniter.php(932): App\Controllers\Home->inicio()
 2 SYSTEMPATH\CodeIgniter.php(497): CodeIgniter\CodeIgniter->runController(Object(App\Controllers\Home))
 3 SYSTEMPATH\CodeIgniter.php(366): CodeIgniter\CodeIgniter->handleRequest(null, Object(Config\Cache), false)
 4 FCPATH\index.php(67): CodeIgniter\CodeIgniter->run()
CRITICAL - 2023-10-30 15:39:23 --> Undefined constant "App\Controllers\vista_menu"
in APPPATH\Controllers\Home.php on line 18.
 1 SYSTEMPATH\CodeIgniter.php(932): App\Controllers\Home->inicio()
 2 SYSTEMPATH\CodeIgniter.php(497): CodeIgniter\CodeIgniter->runController(Object(App\Controllers\Home))
 3 SYSTEMPATH\CodeIgniter.php(366): CodeIgniter\CodeIgniter->handleRequest(null, Object(Config\Cache), false)
 4 FCPATH\index.php(67): CodeIgniter\CodeIgniter->run()
CRITICAL - 2023-10-30 15:40:46 --> Undefined constant "App\Controllers\vista_menu"
in APPPATH\Controllers\Home.php on line 18.
 1 SYSTEMPATH\CodeIgniter.php(932): App\Controllers\Home->inicio()
 2 SYSTEMPATH\CodeIgniter.php(497): CodeIgniter\CodeIgniter->runController(Object(App\Controllers\Home))
 3 SYSTEMPATH\CodeIgniter.php(366): CodeIgniter\CodeIgniter->handleRequest(null, Object(Config\Cache), false)
 4 FCPATH\index.php(67): CodeIgniter\CodeIgniter->run()
CRITICAL - 2023-10-30 17:03:27 --> Call to undefined function App\Controllers\sesseion()
in APPPATH\Controllers\Home.php on line 11.
 1 SYSTEMPATH\CodeIgniter.php(932): App\Controllers\Home->index()
 2 SYSTEMPATH\CodeIgniter.php(497): CodeIgniter\CodeIgniter->runController(Object(App\Controllers\Home))
 3 SYSTEMPATH\CodeIgniter.php(366): CodeIgniter\CodeIgniter->handleRequest(null, Object(Config\Cache), false)
 4 FCPATH\index.php(67): CodeIgniter\CodeIgniter->run()
CRITICAL - 2023-10-30 17:03:56 --> Undefined array key "password"
in APPPATH\Controllers\Home.php on line 35.
 1 APPPATH\Controllers\Home.php(35): CodeIgniter\Debug\Exceptions->errorHandler(2, 'Undefined array key "password"', 'Z:\\XAMPP3\\htdocs\\hospital\\app\\Controllers\\Home.php', 35)
 2 SYSTEMPATH\CodeIgniter.php(932): App\Controllers\Home->login()
 3 SYSTEMPATH\CodeIgniter.php(497): CodeIgniter\CodeIgniter->runController(Object(App\Controllers\Home))
 4 SYSTEMPATH\CodeIgniter.php(366): CodeIgniter\CodeIgniter->handleRequest(null, Object(Config\Cache), false)
 5 FCPATH\index.php(67): CodeIgniter\CodeIgniter->run()
CRITICAL - 2023-10-30 17:11:29 --> var_dump() expects at least 1 argument, 0 given
in APPPATH\Models\Usuarios.php on line 12.
 1 APPPATH\Models\Usuarios.php(12): var_dump()
 2 APPPATH\Controllers\Home.php(33): App\Models\Usuarios->ObtenerUsuario([...])
 3 SYSTEMPATH\CodeIgniter.php(932): App\Controllers\Home->login()
 4 SYSTEMPATH\CodeIgniter.php(497): CodeIgniter\CodeIgniter->runController(Object(App\Controllers\Home))
 5 SYSTEMPATH\CodeIgniter.php(366): CodeIgniter\CodeIgniter->handleRequest(null, Object(Config\Cache), false)
 6 FCPATH\index.php(67): CodeIgniter\CodeIgniter->run()
CRITICAL - 2023-10-30 17:12:38 --> Undefined constant "App\Models\var_dump"
in APPPATH\Models\Usuarios.php on line 12.
 1 APPPATH\Controllers\Home.php(33): App\Models\Usuarios->ObtenerUsuario([...])
 2 SYSTEMPATH\CodeIgniter.php(932): App\Controllers\Home->login()
 3 SYSTEMPATH\CodeIgniter.php(497): CodeIgniter\CodeIgniter->runController(Object(App\Controllers\Home))
 4 SYSTEMPATH\CodeIgniter.php(366): CodeIgniter\CodeIgniter->handleRequest(null, Object(Config\Cache), false)
 5 FCPATH\index.php(67): CodeIgniter\CodeIgniter->run()
CRITICAL - 2023-10-30 17:24:58 --> Class "App\Controllers\session" not found
in APPPATH\Controllers\Home.php on line 45.
 1 SYSTEMPATH\CodeIgniter.php(932): App\Controllers\Home->login()
 2 SYSTEMPATH\CodeIgniter.php(497): CodeIgniter\CodeIgniter->runController(Object(App\Controllers\Home))
 3 SYSTEMPATH\CodeIgniter.php(366): CodeIgniter\CodeIgniter->handleRequest(null, Object(Config\Cache), false)
 4 FCPATH\index.php(67): CodeIgniter\CodeIgniter->run()
CRITICAL - 2023-10-30 17:28:49 --> Call to undefined function App\Controllers\set()
in APPPATH\Controllers\Home.php on line 44.
 1 SYSTEMPATH\CodeIgniter.php(932): App\Controllers\Home->login()
 2 SYSTEMPATH\CodeIgniter.php(497): CodeIgniter\CodeIgniter->runController(Object(App\Controllers\Home))
 3 SYSTEMPATH\CodeIgniter.php(366): CodeIgniter\CodeIgniter->handleRequest(null, Object(Config\Cache), false)
 4 FCPATH\index.php(67): CodeIgniter\CodeIgniter->run()
CRITICAL - 2023-10-30 17:29:16 --> Array to string conversion
in APPPATH\Controllers\Home.php on line 39.
 1 APPPATH\Controllers\Home.php(39): CodeIgniter\Debug\Exceptions->errorHandler(2, 'Array to string conversion', 'Z:\\XAMPP3\\htdocs\\hospital\\app\\Controllers\\Home.php', 39)
 2 SYSTEMPATH\CodeIgniter.php(932): App\Controllers\Home->login()
 3 SYSTEMPATH\CodeIgniter.php(497): CodeIgniter\CodeIgniter->runController(Object(App\Controllers\Home))
 4 SYSTEMPATH\CodeIgniter.php(366): CodeIgniter\CodeIgniter->handleRequest(null, Object(Config\Cache), false)
 5 FCPATH\index.php(67): CodeIgniter\CodeIgniter->run()
CRITICAL - 2023-10-30 18:14:00 --> Class "App\Controllers\session" not found
in APPPATH\Controllers\Home.php on line 59.
 1 SYSTEMPATH\CodeIgniter.php(932): App\Controllers\Home->salir()
 2 SYSTEMPATH\CodeIgniter.php(497): CodeIgniter\CodeIgniter->runController(Object(App\Controllers\Home))
 3 SYSTEMPATH\CodeIgniter.php(366): CodeIgniter\CodeIgniter->handleRequest(null, Object(Config\Cache), false)
 4 FCPATH\index.php(67): CodeIgniter\CodeIgniter->run()
CRITICAL - 2023-10-30 18:14:17 --> Class "App\Controllers\session" not found
in APPPATH\Controllers\Home.php on line 59.
 1 SYSTEMPATH\CodeIgniter.php(932): App\Controllers\Home->salir()
 2 SYSTEMPATH\CodeIgniter.php(497): CodeIgniter\CodeIgniter->runController(Object(App\Controllers\Home))
 3 SYSTEMPATH\CodeIgniter.php(366): CodeIgniter\CodeIgniter->handleRequest(null, Object(Config\Cache), false)
 4 FCPATH\index.php(67): CodeIgniter\CodeIgniter->run()
CRITICAL - 2023-10-30 18:58:00 --> Undefined constant "type"
in APPPATH\Views\menu.php on line 21.
 1 APPPATH\Views\vista_menu.php(24): include()
 2 SYSTEMPATH\View\View.php(224): include('Z:\\XAMPP3\\htdocs\\hospital\\app\\Views\\vista_menu.php')
 3 SYSTEMPATH\View\View.php(227): CodeIgniter\View\View->CodeIgniter\View\{closure}()
 4 SYSTEMPATH\Common.php(1180): CodeIgniter\View\View->render('vista_menu', [], true)
 5 APPPATH\Controllers\Home.php(21): view('vista_menu')
 6 SYSTEMPATH\CodeIgniter.php(932): App\Controllers\Home->inicio()
 7 SYSTEMPATH\CodeIgniter.php(497): CodeIgniter\CodeIgniter->runController(Object(App\Controllers\Home))
 8 SYSTEMPATH\CodeIgniter.php(366): CodeIgniter\CodeIgniter->handleRequest(null, Object(Config\Cache), false)
 9 FCPATH\index.php(67): CodeIgniter\CodeIgniter->run()
